{"email":"mohamedelhedary2003@gmail.com","level":"info","message":"Login service started","timestamp":"2025-05-06T06:21:06.572Z"}
{"email":"mohamedelhedary2003@gmail.com","level":"info","message":"Login service started","timestamp":"2025-05-06T06:21:39.365Z"}
{"email":"mohamedelhedary2003@gmail.com","level":"\u001b[32minfo\u001b[39m","message":"Login service started","timestamp":"2025-05-06 09:25:57"}
{"email":"mohamedelhedary2003@gmail.com","level":"\u001b[32minfo\u001b[39m","message":"Login service started","timestamp":"2025-05-06 09:28:14"}
{"email":"mohamedelhedary2003@gmail.com","level":"\u001b[32minfo\u001b[39m","message":"Login service started","timestamp":"2025-05-06 09:28:18"}
{"email":"mohamedelhedary2003@gmail.com","level":"\u001b[31merror\u001b[39m","message":"In-valid password","timestamp":"2025-05-06 09:28:18"}
{"email":"mohamedelhedary2003@gmail.com","level":"\u001b[32minfo\u001b[39m","message":"Login service started","timestamp":"2025-05-06 09:29:18"}
{"email":"mohamedelhedary2003@gmail.com","level":"\u001b[32minfo\u001b[39m","message":"Login service started","timestamp":"2025-05-06 09:31:41"}
{"level":"info","message":"","timestamp":"2025-05-06T06:38:05.477Z"}
{"level":"info","message":"Login successful for user@example.com","timestamp":"2025-05-06T06:38:17.583Z"}
{"level":"warn","message":"This is a warning message","timestamp":"2025-05-06T06:38:17.584Z"}
{"level":"error","message":"Something went wrong!","timestamp":"2025-05-06T06:38:17.585Z"}
{"level":"info","message":"Login successful for user@example.com","timestamp":"2025-05-06T06:38:23.633Z"}
{"level":"info","message":"Server running on port 3000","timestamp":"2025-05-06T06:38:59.031Z"}
{"level":"info","message":"Server running on port 3000","timestamp":"2025-05-06T06:39:20.415Z"}
{"level":"info","message":"Server running on port 3000","timestamp":"2025-05-06T06:39:22.590Z"}
{"level":"info","message":"Server running on port 3000","timestamp":"2025-05-06T06:40:06.909Z"}
{"level":"info","message":"DB connected successfully 游릭","timestamp":"2025-05-06T06:40:07.923Z"}
{"level":"info","message":"Server running on port 3000","timestamp":"2025-05-06T06:41:06.229Z"}
{"level":"info","message":"DB connected successfully 游릭","timestamp":"2025-05-06T06:41:07.254Z"}
{"level":"info","message":"Server running on port 3000","timestamp":"2025-05-11T09:48:36.040Z"}
{"level":"info","message":"Server running on port 3000","timestamp":"2025-05-11T09:48:37.463Z"}
{"level":"info","message":"DB connected successfully 游릭","timestamp":"2025-05-11T09:48:38.822Z"}
{"level":"info","message":"Server running on port 3000","timestamp":"2025-05-11T09:52:02.865Z"}
{"level":"info","message":"DB connected successfully 游릭","timestamp":"2025-05-11T09:52:03.891Z"}
{"level":"info","message":"Server running on port 3000","timestamp":"2025-05-11T09:54:41.006Z"}
{"level":"info","message":"DB connected successfully 游릭","timestamp":"2025-05-11T09:54:42.061Z"}
{"level":"info","message":"Server running on port 3000","timestamp":"2025-05-11T09:57:46.640Z"}
{"level":"info","message":"DB connected successfully 游릭","timestamp":"2025-05-11T09:57:47.667Z"}
{"level":"info","message":"Server running on port 3000","timestamp":"2025-05-11T09:59:27.894Z"}
{"level":"info","message":"DB connected successfully 游릭","timestamp":"2025-05-11T09:59:28.981Z"}
{"level":"info","message":"Server running on port 3000","timestamp":"2025-05-11T09:59:34.746Z"}
{"level":"info","message":"DB connected successfully 游릭","timestamp":"2025-05-11T09:59:35.903Z"}
{"level":"info","message":"Server running on port 3000","timestamp":"2025-05-11T10:00:37.814Z"}
{"level":"info","message":"DB connected successfully 游릭","timestamp":"2025-05-11T10:00:39.174Z"}
{"level":"info","message":"Server running on port 3000","timestamp":"2025-05-11T10:00:41.946Z"}
{"level":"info","message":"DB connected successfully 游릭","timestamp":"2025-05-11T10:00:43.051Z"}
{"level":"info","message":"Server running on port 3000","timestamp":"2025-05-11T10:01:08.108Z"}
{"level":"info","message":"Server running on port 3000","timestamp":"2025-05-11T10:01:12.239Z"}
{"level":"info","message":"DB connected successfully 游릭","timestamp":"2025-05-11T10:01:13.229Z"}
{"level":"info","message":"Server running on port 3000","timestamp":"2025-05-11T10:01:15.342Z"}
{"level":"info","message":"DB connected successfully 游릭","timestamp":"2025-05-11T10:01:16.375Z"}
{"level":"info","message":"Server running on port 3000","timestamp":"2025-05-11T10:01:20.924Z"}
{"level":"info","message":"DB connected successfully 游릭","timestamp":"2025-05-11T10:01:21.961Z"}
{"level":"info","message":"Server running on port 3000","timestamp":"2025-05-11T10:01:25.280Z"}
{"level":"info","message":"DB connected successfully 游릭","timestamp":"2025-05-11T10:01:26.333Z"}
{"level":"info","message":"Server running on port 3000","timestamp":"2025-05-11T10:02:29.799Z"}
{"level":"info","message":"Server running on port 3000","timestamp":"2025-05-11T10:02:31.282Z"}
{"level":"info","message":"DB connected successfully 游릭","timestamp":"2025-05-11T10:02:32.317Z"}
{"level":"info","message":"Server running on port 3000","timestamp":"2025-05-11T10:03:55.002Z"}
{"level":"info","message":"DB connected successfully 游릭","timestamp":"2025-05-11T10:03:56.396Z"}
{"level":"info","message":"Server running on port 3000","timestamp":"2025-05-11T10:03:58.948Z"}
{"level":"info","message":"DB connected successfully 游릭","timestamp":"2025-05-11T10:04:00.014Z"}
{"level":"info","message":"Server running on port 3000","timestamp":"2025-05-11T10:04:02.411Z"}
{"level":"info","message":"DB connected successfully 游릭","timestamp":"2025-05-11T10:04:03.492Z"}
{"level":"info","message":"Server running on port 3000","timestamp":"2025-05-11T10:04:51.882Z"}
{"level":"info","message":"DB connected successfully 游릭","timestamp":"2025-05-11T10:04:53.585Z"}
{"level":"info","message":"Server running on port 3000","timestamp":"2025-05-11T10:05:34.445Z"}
{"level":"info","message":"DB connected successfully 游릭","timestamp":"2025-05-11T10:05:35.870Z"}
{"level":"info","message":"Server running on port 3000","timestamp":"2025-05-11T10:05:41.737Z"}
{"level":"info","message":"DB connected successfully 游릭","timestamp":"2025-05-11T10:05:42.793Z"}
{"level":"info","message":"Server running on port 3000","timestamp":"2025-05-11T10:05:55.567Z"}
{"level":"info","message":"DB connected successfully 游릭","timestamp":"2025-05-11T10:05:57.257Z"}
{"level":"info","message":"Server running on port 3000","timestamp":"2025-05-11T10:06:05.459Z"}
{"level":"info","message":"DB connected successfully 游릭","timestamp":"2025-05-11T10:06:06.582Z"}
{"level":"info","message":"Server running on port 3000","timestamp":"2025-05-11T11:28:39.380Z"}
{"level":"info","message":"Server running on port 3000","timestamp":"2025-05-11T11:28:40.674Z"}
{"level":"info","message":"DB connected successfully 游릭","timestamp":"2025-05-11T11:28:41.702Z"}
{"level":"info","message":"Server running on port 3000","timestamp":"2025-05-11T11:28:44.906Z"}
{"level":"info","message":"Server running on port 3000","timestamp":"2025-05-11T11:28:46.260Z"}
{"level":"info","message":"DB connected successfully 游릭","timestamp":"2025-05-11T11:28:47.303Z"}
{"level":"info","message":"Server running on port 3000","timestamp":"2025-05-11T11:28:52.419Z"}
{"level":"info","message":"DB connected successfully 游릭","timestamp":"2025-05-11T11:28:53.489Z"}
{"level":"info","message":"Server running on port 3000","timestamp":"2025-05-11T11:28:59.303Z"}
{"level":"info","message":"DB connected successfully 游릭","timestamp":"2025-05-11T11:29:01.304Z"}
{"level":"info","message":"Server running on port 3000","timestamp":"2025-05-11T11:29:43.721Z"}
{"level":"info","message":"DB connected successfully 游릭","timestamp":"2025-05-11T11:29:44.748Z"}
{"level":"info","message":"Server running on port 3000","timestamp":"2025-05-11T11:29:49.481Z"}
{"level":"info","message":"DB connected successfully 游릭","timestamp":"2025-05-11T11:29:50.519Z"}
{"level":"info","message":"Server running on port 3000","timestamp":"2025-05-11T11:30:02.599Z"}
{"level":"info","message":"DB connected successfully 游릭","timestamp":"2025-05-11T11:30:03.608Z"}
{"level":"info","message":"Server running on port 3000","timestamp":"2025-05-11T11:32:24.382Z"}
{"level":"info","message":"DB connected successfully 游릭","timestamp":"2025-05-11T11:32:27.588Z"}
{"level":"info","message":"Server running on port 3000","timestamp":"2025-05-11T11:32:52.812Z"}
{"level":"info","message":"DB connected successfully 游릭","timestamp":"2025-05-11T11:32:54.490Z"}
{"level":"info","message":"Server running on port 3000","timestamp":"2025-05-11T11:32:58.363Z"}
{"level":"info","message":"DB connected successfully 游릭","timestamp":"2025-05-11T11:32:59.423Z"}
{"level":"info","message":"Server running on port 3000","timestamp":"2025-05-11T11:33:01.300Z"}
{"level":"info","message":"DB connected successfully 游릭","timestamp":"2025-05-11T11:33:02.427Z"}
{"level":"info","message":"Server running on port 3000","timestamp":"2025-05-11T11:33:08.075Z"}
{"level":"info","message":"DB connected successfully 游릭","timestamp":"2025-05-11T11:33:09.096Z"}
{"level":"info","message":"Server running on port 3000","timestamp":"2025-05-11T11:33:17.165Z"}
{"level":"info","message":"Server running on port 3000","timestamp":"2025-05-11T11:33:19.716Z"}
{"level":"info","message":"DB connected successfully 游릭","timestamp":"2025-05-11T11:33:20.714Z"}
{"level":"info","message":"Server running on port 3000","timestamp":"2025-05-11T11:33:40.872Z"}
{"level":"info","message":"DB connected successfully 游릭","timestamp":"2025-05-11T11:33:41.929Z"}
{"level":"info","message":"Server running on port 3000","timestamp":"2025-05-11T11:36:13.992Z"}
{"level":"info","message":"DB connected successfully 游릭","timestamp":"2025-05-11T11:36:15.053Z"}
{"level":"info","message":"Server running on port 3000","timestamp":"2025-05-11T11:37:05.830Z"}
{"level":"info","message":"DB connected successfully 游릭","timestamp":"2025-05-11T11:37:06.875Z"}
{"level":"info","message":"Server running on port 3000","timestamp":"2025-05-11T11:38:16.210Z"}
{"level":"info","message":"Server running on port 3000","timestamp":"2025-05-11T11:38:18.176Z"}
{"level":"info","message":"DB connected successfully 游릭","timestamp":"2025-05-11T11:38:19.254Z"}
{"level":"info","message":"Server running on port 3000","timestamp":"2025-05-11T11:38:24.787Z"}
{"level":"info","message":"Server running on port 3000","timestamp":"2025-05-11T11:38:26.620Z"}
{"level":"info","message":"DB connected successfully 游릭","timestamp":"2025-05-11T11:38:27.636Z"}
{"level":"info","message":"Server running on port 3000","timestamp":"2025-05-11T11:38:29.304Z"}
{"level":"info","message":"DB connected successfully 游릭","timestamp":"2025-05-11T11:38:30.354Z"}
{"level":"info","message":"Server running on port 3000","timestamp":"2025-05-11T11:38:36.886Z"}
{"level":"info","message":"DB connected successfully 游릭","timestamp":"2025-05-11T11:38:37.835Z"}
{"level":"info","message":"Server running on port 3000","timestamp":"2025-05-11T11:39:33.305Z"}
{"level":"info","message":"DB connected successfully 游릭","timestamp":"2025-05-11T11:39:34.463Z"}
{"level":"info","message":"Server running on port 3000","timestamp":"2025-05-11T11:39:51.102Z"}
{"level":"info","message":"Server running on port 3000","timestamp":"2025-05-11T11:40:05.118Z"}
{"level":"info","message":"Server running on port 3000","timestamp":"2025-05-11T11:40:07.318Z"}
{"level":"info","message":"DB connected successfully 游릭","timestamp":"2025-05-11T11:40:10.605Z"}
{"level":"info","message":"Server running on port 3000","timestamp":"2025-05-11T11:40:16.409Z"}
{"level":"info","message":"DB connected successfully 游릭","timestamp":"2025-05-11T11:40:17.434Z"}
{"level":"info","message":"Server running on port 3000","timestamp":"2025-05-11T11:40:30.287Z"}
{"level":"info","message":"Server running on port 3000","timestamp":"2025-05-11T11:40:32.236Z"}
{"level":"info","message":"Server running on port 3000","timestamp":"2025-05-11T11:40:34.241Z"}
{"level":"info","message":"DB connected successfully 游릭","timestamp":"2025-05-11T11:40:35.349Z"}
{"level":"info","message":"Server running on port 3000","timestamp":"2025-05-11T11:40:41.430Z"}
{"level":"info","message":"DB connected successfully 游릭","timestamp":"2025-05-11T11:40:42.496Z"}
{"level":"info","message":"Server running on port 3000","timestamp":"2025-05-11T11:40:45.900Z"}
{"level":"info","message":"DB connected successfully 游릭","timestamp":"2025-05-11T11:40:47.894Z"}
{"level":"info","message":"Server running on port 3000","timestamp":"2025-05-11T11:40:50.327Z"}
{"level":"info","message":"DB connected successfully 游릭","timestamp":"2025-05-11T11:40:51.358Z"}
{"level":"info","message":"Server running on port 3000","timestamp":"2025-05-11T11:41:13.237Z"}
{"level":"info","message":"Server running on port 3000","timestamp":"2025-05-11T11:41:32.799Z"}
{"level":"info","message":"DB connected successfully 游릭","timestamp":"2025-05-11T11:41:33.963Z"}
{"level":"info","message":"Server running on port 3000","timestamp":"2025-05-11T11:41:36.388Z"}
{"level":"info","message":"DB connected successfully 游릭","timestamp":"2025-05-11T11:41:37.800Z"}
{"level":"info","message":"Server running on port 3000","timestamp":"2025-05-11T11:42:02.623Z"}
{"level":"info","message":"DB connected successfully 游릭","timestamp":"2025-05-11T11:42:03.998Z"}
{"level":"info","message":"Server running on port 3000","timestamp":"2025-05-11T11:42:10.180Z"}
{"level":"info","message":"DB connected successfully 游릭","timestamp":"2025-05-11T11:42:11.162Z"}
{"level":"info","message":"Server running on port 3000","timestamp":"2025-05-11T11:42:21.102Z"}
{"level":"info","message":"DB connected successfully 游릭","timestamp":"2025-05-11T11:42:22.257Z"}
{"level":"info","message":"Server running on port 3000","timestamp":"2025-05-11T11:42:35.754Z"}
{"level":"info","message":"DB connected successfully 游릭","timestamp":"2025-05-11T11:42:36.930Z"}
{"level":"info","message":"Server running on port 3000","timestamp":"2025-05-11T11:42:40.832Z"}
{"level":"info","message":"DB connected successfully 游릭","timestamp":"2025-05-11T11:42:41.944Z"}
{"level":"info","message":"Server running on port 3000","timestamp":"2025-05-11T11:43:45.292Z"}
{"level":"info","message":"Server running on port 3000","timestamp":"2025-05-11T11:43:46.903Z"}
{"level":"info","message":"DB connected successfully 游릭","timestamp":"2025-05-11T11:43:48.327Z"}
{"level":"info","message":"Server running on port 3000","timestamp":"2025-05-11T11:43:53.890Z"}
{"level":"info","message":"DB connected successfully 游릭","timestamp":"2025-05-11T11:43:54.956Z"}
{"level":"info","message":"Server running on port 3000","timestamp":"2025-05-11T11:43:57.266Z"}
{"level":"info","message":"DB connected successfully 游릭","timestamp":"2025-05-11T11:43:58.480Z"}
{"level":"info","message":"Server running on port 3000","timestamp":"2025-05-11T11:44:01.413Z"}
{"level":"info","message":"Server running on port 3000","timestamp":"2025-05-11T11:44:03.462Z"}
{"level":"info","message":"DB connected successfully 游릭","timestamp":"2025-05-11T11:44:04.505Z"}
{"level":"info","message":"Server running on port 3000","timestamp":"2025-05-11T11:44:36.748Z"}
{"level":"info","message":"DB connected successfully 游릭","timestamp":"2025-05-11T11:44:38.882Z"}
{"level":"info","message":"Server running on port 3000","timestamp":"2025-05-11T11:44:42.966Z"}
{"level":"info","message":"DB connected successfully 游릭","timestamp":"2025-05-11T11:44:44.092Z"}
{"level":"info","message":"Server running on port 3000","timestamp":"2025-05-11T11:44:54.175Z"}
{"level":"info","message":"DB connected successfully 游릭","timestamp":"2025-05-11T11:44:55.306Z"}
{"level":"info","message":"Server running on port 3000","timestamp":"2025-05-11T11:45:24.218Z"}
{"level":"info","message":"DB connected successfully 游릭","timestamp":"2025-05-11T11:45:25.335Z"}
{"level":"info","message":"Server running on port 3000","timestamp":"2025-05-11T11:45:31.338Z"}
{"level":"info","message":"DB connected successfully 游릭","timestamp":"2025-05-11T11:45:32.505Z"}
{"level":"info","message":"Server running on port 3000","timestamp":"2025-05-11T11:45:34.427Z"}
{"level":"info","message":"DB connected successfully 游릭","timestamp":"2025-05-11T11:45:35.767Z"}
{"email":"mohamedelhedary2003@gmail.com","level":"info","message":"Login service started","timestamp":"2025-05-11T11:45:52.468Z"}
{"level":"warn","message":"This is a warning message","timestamp":"2025-05-11T11:45:52.469Z"}
{"email":"mohamedelhedary2003@gmail.com","level":"info","message":"Login service started","timestamp":"2025-05-11T11:45:54.384Z"}
{"level":"warn","message":"This is a warning message","timestamp":"2025-05-11T11:45:54.384Z"}
{"level":"info","message":"Server running on port 3000","timestamp":"2025-05-11T11:46:37.941Z"}
{"level":"info","message":"Server running on port 3000","timestamp":"2025-05-11T11:46:40.777Z"}
{"level":"info","message":"DB connected successfully 游릭","timestamp":"2025-05-11T11:46:42.306Z"}
{"level":"info","message":"Server running on port 3000","timestamp":"2025-05-11T11:46:50.048Z"}
{"level":"info","message":"DB connected successfully 游릭","timestamp":"2025-05-11T11:46:51.237Z"}
{"level":"info","message":"Server running on port 3000","timestamp":"2025-05-11T11:46:53.624Z"}
{"level":"info","message":"Server running on port 3000","timestamp":"2025-05-11T11:46:55.887Z"}
{"level":"info","message":"DB connected successfully 游릭","timestamp":"2025-05-11T11:46:57.092Z"}
{"level":"info","message":"Server running on port 3000","timestamp":"2025-05-11T11:47:00.069Z"}
{"level":"info","message":"Server running on port 3000","timestamp":"2025-05-11T11:47:21.360Z"}
{"level":"info","message":"DB connected successfully 游릭","timestamp":"2025-05-11T11:47:22.522Z"}
{"level":"info","message":"Server running on port 3000","timestamp":"2025-05-11T11:47:24.212Z"}
{"level":"info","message":"DB connected successfully 游릭","timestamp":"2025-05-11T11:47:25.378Z"}
{"level":"info","message":"Server running on port 3000","timestamp":"2025-05-11T11:47:29.495Z"}
{"level":"info","message":"DB connected successfully 游릭","timestamp":"2025-05-11T11:47:30.599Z"}
{"level":"info","message":"Server running on port 3000","timestamp":"2025-05-11T11:47:37.229Z"}
{"level":"info","message":"DB connected successfully 游릭","timestamp":"2025-05-11T11:47:38.381Z"}
{"level":"info","message":"Server running on port 3000","timestamp":"2025-05-11T11:48:07.588Z"}
{"level":"info","message":"DB connected successfully 游릭","timestamp":"2025-05-11T11:48:08.690Z"}
{"level":"info","message":"Server running on port 3000","timestamp":"2025-05-11T11:48:11.081Z"}
{"level":"info","message":"DB connected successfully 游릭","timestamp":"2025-05-11T11:48:12.124Z"}
{"level":"info","message":"Server running on port 3000","timestamp":"2025-05-11T11:48:14.536Z"}
{"level":"info","message":"DB connected successfully 游릭","timestamp":"2025-05-11T11:48:15.560Z"}
{"level":"info","message":"Server running on port 3000","timestamp":"2025-05-11T11:48:21.462Z"}
{"level":"info","message":"DB connected successfully 游릭","timestamp":"2025-05-11T11:48:22.503Z"}
{"level":"info","message":"Server running on port 3000","timestamp":"2025-05-11T11:48:55.591Z"}
{"level":"info","message":"DB connected successfully 游릭","timestamp":"2025-05-11T11:48:56.923Z"}
{"level":"info","message":"Server running on port 3000","timestamp":"2025-05-11T11:48:59.428Z"}
{"level":"info","message":"DB connected successfully 游릭","timestamp":"2025-05-11T11:49:00.846Z"}
{"level":"info","message":"Server running on port 3000","timestamp":"2025-05-11T11:49:03.688Z"}
{"level":"info","message":"DB connected successfully 游릭","timestamp":"2025-05-11T11:49:05.091Z"}
{"level":"info","message":"Server running on port 3000","timestamp":"2025-05-11T11:49:08.069Z"}
{"level":"info","message":"Server running on port 3000","timestamp":"2025-05-11T11:49:10.101Z"}
{"level":"info","message":"DB connected successfully 游릭","timestamp":"2025-05-11T11:49:11.243Z"}
{"email":"mohamedelhedary2003@gmail.com","level":"info","message":"Login service started","timestamp":"2025-05-11T11:49:12.811Z"}
{"level":"warn","message":"This is a warning message","timestamp":"2025-05-11T11:49:12.811Z"}
{"email":"mohamedelhedary2003@gmail.com","level":"info","message":"Login service started","timestamp":"2025-05-11T11:49:14.618Z"}
{"level":"warn","message":"This is a warning message","timestamp":"2025-05-11T11:49:14.619Z"}
{"email":"mohamedelhedary2003@gmail.com","level":"info","message":"Login service started","timestamp":"2025-05-11T11:49:15.590Z"}
{"level":"warn","message":"This is a warning message","timestamp":"2025-05-11T11:49:15.590Z"}
{"email":"mohamedelhedary2003@gmail.com","level":"info","message":"Login service started","timestamp":"2025-05-11T11:49:16.674Z"}
{"level":"warn","message":"This is a warning message","timestamp":"2025-05-11T11:49:16.674Z"}
{"email":"mohamedelhedary2003@gmail.com","level":"info","message":"Login service started","timestamp":"2025-05-11T11:49:17.815Z"}
{"level":"warn","message":"This is a warning message","timestamp":"2025-05-11T11:49:17.815Z"}
{"email":"mohamedelhedary@gmail.com","level":"info","message":"Login service started","timestamp":"2025-05-11T11:49:36.113Z"}
{"level":"warn","message":"This is a warning message","timestamp":"2025-05-11T11:49:36.113Z"}
{"email":"mohamedelhedary@gmail.com","level":"error","message":"In-valid password","timestamp":"2025-05-11T11:49:36.219Z"}
{"email":"mohamedelhedary200@gmail.com","level":"info","message":"Login service started","timestamp":"2025-05-11T11:49:41.720Z"}
{"level":"warn","message":"This is a warning message","timestamp":"2025-05-11T11:49:41.720Z"}
{"email":"mohamedelhedary2003@gmail.com","level":"info","message":"Login service started","timestamp":"2025-05-11T11:49:45.680Z"}
{"level":"warn","message":"This is a warning message","timestamp":"2025-05-11T11:49:45.680Z"}
{"level":"info","message":"Server running on port 3000","timestamp":"2025-05-11T11:50:15.492Z"}
{"level":"info","message":"Server running on port 3000","timestamp":"2025-05-11T11:50:18.853Z"}
{"level":"info","message":"DB connected successfully 游릭","timestamp":"2025-05-11T11:50:19.884Z"}
{"level":"info","message":"Server running on port 3000","timestamp":"2025-05-11T11:50:22.680Z"}
{"level":"info","message":"DB connected successfully 游릭","timestamp":"2025-05-11T11:50:24.342Z"}
{"level":"info","message":"Server running on port 3000","timestamp":"2025-05-11T11:52:00.849Z"}
{"level":"info","message":"DB connected successfully 游릭","timestamp":"2025-05-11T11:52:01.879Z"}
{"level":"info","message":"Server running on port 3000","timestamp":"2025-05-11T11:52:04.666Z"}
{"level":"info","message":"DB connected successfully 游릭","timestamp":"2025-05-11T11:52:05.698Z"}
{"level":"info","message":"Server running on port 3000","timestamp":"2025-05-11T11:52:19.367Z"}
{"level":"info","message":"DB connected successfully 游릭","timestamp":"2025-05-11T11:52:20.744Z"}
{"level":"info","message":"Server running on port 3000","timestamp":"2025-05-11T11:52:22.123Z"}
{"level":"info","message":"DB connected successfully 游릭","timestamp":"2025-05-11T11:52:23.460Z"}
{"level":"info","message":"Server running on port 3000","timestamp":"2025-05-11T11:52:37.906Z"}
{"level":"info","message":"Server running on port 3000","timestamp":"2025-05-11T11:52:40.106Z"}
{"level":"info","message":"Server running on port 3000","timestamp":"2025-05-11T11:52:41.633Z"}
{"level":"info","message":"DB connected successfully 游릭","timestamp":"2025-05-11T11:52:42.670Z"}
{"level":"info","message":"Server running on port 3000","timestamp":"2025-05-11T11:52:43.952Z"}
{"level":"info","message":"Server running on port 3000","timestamp":"2025-05-11T11:52:45.905Z"}
{"level":"info","message":"DB connected successfully 游릭","timestamp":"2025-05-11T11:52:46.898Z"}
{"level":"info","message":"Server running on port 3000","timestamp":"2025-05-11T11:52:59.866Z"}
{"level":"info","message":"Server running on port 3000","timestamp":"2025-05-11T11:53:02.801Z"}
{"level":"info","message":"DB connected successfully 游릭","timestamp":"2025-05-11T11:53:03.828Z"}
{"level":"info","message":"Server running on port 3000","timestamp":"2025-05-11T11:53:17.290Z"}
{"level":"info","message":"DB connected successfully 游릭","timestamp":"2025-05-11T11:53:18.306Z"}
{"level":"info","message":"Server running on port 3000","timestamp":"2025-05-11T11:54:23.090Z"}
{"level":"info","message":"Server running on port 3000","timestamp":"2025-05-11T11:54:24.812Z"}
{"level":"info","message":"DB connected successfully 游릭","timestamp":"2025-05-11T11:54:26.181Z"}
{"level":"info","message":"Server running on port 3000","timestamp":"2025-05-11T11:54:29.292Z"}
{"level":"info","message":"Server running on port 3000","timestamp":"2025-05-11T11:54:31.215Z"}
{"level":"info","message":"Server running on port 3000","timestamp":"2025-05-11T11:54:32.735Z"}
{"level":"info","message":"DB connected successfully 游릭","timestamp":"2025-05-11T11:54:33.769Z"}
{"level":"info","message":"Server running on port 3000","timestamp":"2025-05-11T11:54:41.146Z"}
{"level":"info","message":"Server running on port 3000","timestamp":"2025-05-11T11:54:42.990Z"}
{"level":"info","message":"DB connected successfully 游릭","timestamp":"2025-05-11T11:54:44.973Z"}
{"level":"info","message":"Server running on port 3000","timestamp":"2025-05-11T11:55:23.576Z"}
{"level":"info","message":"DB connected successfully 游릭","timestamp":"2025-05-11T11:55:24.738Z"}
{"level":"info","message":"Server running on port 3000","timestamp":"2025-05-11T11:55:27.238Z"}
{"level":"info","message":"DB connected successfully 游릭","timestamp":"2025-05-11T11:55:28.234Z"}
{"email":"mohamedelhedary2003@gmail.com","level":"info","message":"Login service started","timestamp":"2025-05-11T11:57:16.587Z"}
{"level":"warn","message":"This is a warning message","timestamp":"2025-05-11T11:57:16.587Z"}
{"level":"info","message":"Server running on port 3000","timestamp":"2025-05-11T11:57:43.987Z"}
{"level":"info","message":"DB connected successfully 游릭","timestamp":"2025-05-11T11:57:45.016Z"}
{"level":"info","message":"Server running on port 3000","timestamp":"2025-05-11T11:57:51.069Z"}
{"level":"info","message":"DB connected successfully 游릭","timestamp":"2025-05-11T11:57:52.130Z"}
{"level":"info","message":"Server running on port 3000","timestamp":"2025-05-11T11:57:55.428Z"}
{"level":"info","message":"DB connected successfully 游릭","timestamp":"2025-05-11T11:57:56.453Z"}
{"level":"info","message":"Server running on port 3000","timestamp":"2025-05-11T11:58:02.893Z"}
{"level":"info","message":"DB connected successfully 游릭","timestamp":"2025-05-11T11:58:03.923Z"}
{"level":"info","message":"Server running on port 3000","timestamp":"2025-05-11T11:58:13.451Z"}
{"level":"info","message":"DB connected successfully 游릭","timestamp":"2025-05-11T11:58:14.467Z"}
{"level":"info","message":"Server running on port 3000","timestamp":"2025-05-11T11:58:27.826Z"}
{"level":"info","message":"DB connected successfully 游릭","timestamp":"2025-05-11T11:58:29.261Z"}
{"level":"info","message":"Server running on port 3000","timestamp":"2025-05-11T12:03:01.561Z"}
{"level":"info","message":"DB connected successfully 游릭","timestamp":"2025-05-11T12:03:02.631Z"}
{"level":"info","message":"Server running on port 3000","timestamp":"2025-05-11T12:04:48.263Z"}
{"level":"info","message":"Server running on port 3000","timestamp":"2025-05-11T12:04:49.868Z"}
{"level":"info","message":"DB connected successfully 游릭","timestamp":"2025-05-11T12:04:50.931Z"}
{"level":"info","message":"Server running on port 3000","timestamp":"2025-05-11T12:05:06.474Z"}
{"level":"info","message":"DB connected successfully 游릭","timestamp":"2025-05-11T12:05:07.585Z"}
{"level":"info","message":"Server running on port 3000","timestamp":"2025-05-11T12:05:34.536Z"}
{"level":"info","message":"DB connected successfully 游릭","timestamp":"2025-05-11T12:05:35.640Z"}
{"level":"info","message":"Server running on port 3000","timestamp":"2025-05-11T12:06:27.592Z"}
{"level":"info","message":"Server running on port 3000","timestamp":"2025-05-11T12:06:29.193Z"}
{"level":"info","message":"DB connected successfully 游릭","timestamp":"2025-05-11T12:06:30.242Z"}
{"level":"info","message":"Server running on port 3000","timestamp":"2025-05-11T12:06:49.978Z"}
{"level":"info","message":"DB connected successfully 游릭","timestamp":"2025-05-11T12:06:51.405Z"}
{"level":"info","message":"Server running on port 3000","timestamp":"2025-05-11T12:06:55.576Z"}
{"level":"info","message":"Server running on port 3000","timestamp":"2025-05-11T12:06:56.906Z"}
{"level":"info","message":"DB connected successfully 游릭","timestamp":"2025-05-11T12:06:57.984Z"}
{"level":"info","message":"Server running on port 3000","timestamp":"2025-05-11T12:07:01.965Z"}
{"level":"info","message":"DB connected successfully 游릭","timestamp":"2025-05-11T12:07:02.966Z"}
{"level":"info","message":"Server running on port 3000","timestamp":"2025-05-11T12:07:13.427Z"}
{"level":"info","message":"DB connected successfully 游릭","timestamp":"2025-05-11T12:07:14.418Z"}
{"level":"info","message":"Server running on port 3000","timestamp":"2025-05-11T12:08:07.126Z"}
{"level":"info","message":"DB connected successfully 游릭","timestamp":"2025-05-11T12:08:08.495Z"}
{"level":"info","message":"Server running on port 3000","timestamp":"2025-05-11T12:08:12.869Z"}
{"level":"info","message":"Server running on port 3000","timestamp":"2025-05-11T12:08:14.573Z"}
{"level":"info","message":"DB connected successfully 游릭","timestamp":"2025-05-11T12:08:15.599Z"}
{"level":"info","message":"Server running on port 3000","timestamp":"2025-05-11T12:08:21.122Z"}
{"level":"info","message":"DB connected successfully 游릭","timestamp":"2025-05-11T12:08:22.178Z"}
{"level":"info","message":"Server running on port 3000","timestamp":"2025-05-11T15:31:08.083Z"}
{"level":"info","message":"Server running on port 3000","timestamp":"2025-05-11T15:31:09.426Z"}
{"level":"info","message":"DB connected successfully 游릭","timestamp":"2025-05-11T15:31:12.923Z"}
{"level":"info","message":"Server running on port 3000","timestamp":"2025-05-11T15:31:58.517Z"}
{"level":"info","message":"DB connected successfully 游릭","timestamp":"2025-05-11T15:31:59.638Z"}
